<?xml version="1.0" encoding="UTF-8"?>
<!-- Generated by org.testng.reporters.JUnitXMLReporter -->
<testsuite ignored="0" hostname="ip-172-31-10-221" failures="1" tests="1" name="Test" time="22.083" errors="0" timestamp="2023-11-14T17:20:21 UTC">
  <testcase classname="projectDemo.CheckAccountUpdationTest" name="f" time="19.695">
    <failure type="java.lang.AssertionError" message="expected:&amp;lt;Pushpak&amp;gt; but was:&amp;lt;sayan&amp;gt;">
      <![CDATA[java.lang.AssertionError: expected:<Pushpak> but was:<sayan>
at projectDemo.CheckAccountUpdationTest.f(CheckAccountUpdationTest.java:118)
at java.base/java.util.ArrayList.forEach(ArrayList.java:1511)
... Removed 30 stack frames]]>
    </failure>
  </testcase> <!-- f -->
</testsuite> <!-- Test -->
