<?xml version="1.0" encoding="UTF-8"?>
<testng-results ignored="0" total="5" passed="4" failed="1" skipped="0">
  <reporter-output>
  </reporter-output>
  <suite started-at="2023-11-14T17:21:05 UTC" name="Suite" finished-at="2023-11-14T17:21:05 UTC" duration-ms="0">
    <groups>
    </groups>
  </suite> <!-- Suite -->
  <suite started-at="2023-11-14T17:19:59 UTC" name="Suite (1)" finished-at="2023-11-14T17:20:21 UTC" duration-ms="22083">
    <groups>
    </groups>
    <test started-at="2023-11-14T17:19:59 UTC" name="Test" finished-at="2023-11-14T17:20:21 UTC" duration-ms="22083">
      <class name="projectDemo.CheckAccountUpdationTest">
        <test-method is-config="true" signature="invokeBrowser()[pri:0, instance:projectDemo.CheckAccountUpdationTest@2e385cce]" started-at="2023-11-14T17:19:59 UTC" name="invokeBrowser" finished-at="2023-11-14T17:20:01 UTC" duration-ms="2230" status="PASS">
          <reporter-output>
          </reporter-output>
        </test-method> <!-- invokeBrowser -->
        <test-method signature="f()[pri:0, instance:projectDemo.CheckAccountUpdationTest@2e385cce]" started-at="2023-11-14T17:20:01 UTC" name="f" finished-at="2023-11-14T17:20:21 UTC" duration-ms="19695" status="FAIL">
          <exception class="java.lang.AssertionError">
            <message>
              <![CDATA[expected:<Pushpak> but was:<sayan>]]>
            </message>
            <full-stacktrace>
              <![CDATA[java.lang.AssertionError: expected:<Pushpak> but was:<sayan>
at org.testng.AssertJUnit.assertEquals(AssertJUnit.java:115)
at org.testng.AssertJUnit.assertEquals(AssertJUnit.java:125)
at projectDemo.CheckAccountUpdationTest.f(CheckAccountUpdationTest.java:118)
at java.base/jdk.internal.reflect.NativeMethodAccessorImpl.invoke0(Native Method)
at java.base/jdk.internal.reflect.NativeMethodAccessorImpl.invoke(NativeMethodAccessorImpl.java:77)
at java.base/jdk.internal.reflect.DelegatingMethodAccessorImpl.invoke(DelegatingMethodAccessorImpl.java:43)
at java.base/java.lang.reflect.Method.invoke(Method.java:568)
at org.testng.internal.invokers.MethodInvocationHelper.invokeMethod(MethodInvocationHelper.java:136)
at org.testng.internal.invokers.TestInvoker.invokeMethod(TestInvoker.java:658)
at org.testng.internal.invokers.TestInvoker.invokeTestMethod(TestInvoker.java:219)
at org.testng.internal.invokers.MethodRunner.runInSequence(MethodRunner.java:50)
at org.testng.internal.invokers.TestInvoker$MethodInvocationAgent.invoke(TestInvoker.java:923)
at org.testng.internal.invokers.TestInvoker.invokeTestMethods(TestInvoker.java:192)
at org.testng.internal.invokers.TestMethodWorker.invokeTestMethods(TestMethodWorker.java:146)
at org.testng.internal.invokers.TestMethodWorker.run(TestMethodWorker.java:128)
at java.base/java.util.ArrayList.forEach(ArrayList.java:1511)
at org.testng.TestRunner.privateRun(TestRunner.java:808)
at org.testng.TestRunner.run(TestRunner.java:603)
at org.testng.SuiteRunner.runTest(SuiteRunner.java:429)
at org.testng.SuiteRunner.runSequentially(SuiteRunner.java:423)
at org.testng.SuiteRunner.privateRun(SuiteRunner.java:383)
at org.testng.SuiteRunner.run(SuiteRunner.java:326)
at org.testng.SuiteRunnerWorker.runSuite(SuiteRunnerWorker.java:52)
at org.testng.SuiteRunnerWorker.run(SuiteRunnerWorker.java:95)
at org.testng.TestNG.runSuitesSequentially(TestNG.java:1249)
at org.testng.TestNG.runSuitesSequentially(TestNG.java:1244)
at org.testng.TestNG.runSuitesLocally(TestNG.java:1169)
at org.testng.TestNG.runSuites(TestNG.java:1092)
at org.testng.TestNG.run(TestNG.java:1060)
at org.testng.remote.AbstractRemoteTestNG.run(AbstractRemoteTestNG.java:115)
at org.testng.remote.RemoteTestNG.initAndRun(RemoteTestNG.java:251)
at org.testng.remote.RemoteTestNG.main(RemoteTestNG.java:77)
]]>
            </full-stacktrace>
          </exception> <!-- java.lang.AssertionError -->
          <reporter-output>
          </reporter-output>
        </test-method> <!-- f -->
        <test-method is-config="true" signature="close()[pri:0, instance:projectDemo.CheckAccountUpdationTest@2e385cce]" started-at="2023-11-14T17:20:21 UTC" name="close" finished-at="2023-11-14T17:20:21 UTC" duration-ms="150" status="PASS">
          <reporter-output>
          </reporter-output>
        </test-method> <!-- close -->
      </class> <!-- projectDemo.CheckAccountUpdationTest -->
    </test> <!-- Test -->
  </suite> <!-- Suite (1) -->
  <suite started-at="2023-11-14T17:19:44 UTC" name="Suite (0)" finished-at="2023-11-14T17:19:59 UTC" duration-ms="15122">
    <groups>
    </groups>
    <test started-at="2023-11-14T17:19:44 UTC" name="Test" finished-at="2023-11-14T17:19:59 UTC" duration-ms="15122">
      <class name="projectDemo.AddPets">
        <test-method is-config="true" signature="setup()[pri:0, instance:projectDemo.AddPets@53aac487]" started-at="2023-11-14T17:19:44 UTC" name="setup" finished-at="2023-11-14T17:19:47 UTC" duration-ms="3236" status="PASS">
          <reporter-output>
          </reporter-output>
        </test-method> <!-- setup -->
        <test-method signature="addPets()[pri:0, instance:projectDemo.AddPets@53aac487]" started-at="2023-11-14T17:19:47 UTC" name="addPets" finished-at="2023-11-14T17:19:59 UTC" duration-ms="11644" status="PASS">
          <reporter-output>
          </reporter-output>
        </test-method> <!-- addPets -->
        <test-method is-config="true" signature="close()[pri:0, instance:projectDemo.AddPets@53aac487]" started-at="2023-11-14T17:19:59 UTC" name="close" finished-at="2023-11-14T17:19:59 UTC" duration-ms="141" status="PASS">
          <reporter-output>
          </reporter-output>
        </test-method> <!-- close -->
      </class> <!-- projectDemo.AddPets -->
    </test> <!-- Test -->
  </suite> <!-- Suite (0) -->
  <suite started-at="2023-11-14T17:21:00 UTC" name="Suite (4)" finished-at="2023-11-14T17:21:05 UTC" duration-ms="5115">
    <groups>
    </groups>
    <test started-at="2023-11-14T17:21:00 UTC" name="Test" finished-at="2023-11-14T17:21:05 UTC" duration-ms="5115">
      <class name="projectDemo.TestPropertyRegistration">
        <test-method signature="Main()[pri:0, instance:projectDemo.TestPropertyRegistration@1530c739]" started-at="2023-11-14T17:21:00 UTC" name="Main" finished-at="2023-11-14T17:21:05 UTC" duration-ms="5101" status="PASS">
          <reporter-output>
          </reporter-output>
        </test-method> <!-- Main -->
      </class> <!-- projectDemo.TestPropertyRegistration -->
    </test> <!-- Test -->
  </suite> <!-- Suite (4) -->
  <suite started-at="2023-11-14T17:20:25 UTC" name="Suite (3)" finished-at="2023-11-14T17:21:00 UTC" duration-ms="34802">
    <groups>
    </groups>
    <test started-at="2023-11-14T17:20:25 UTC" name="Test" finished-at="2023-11-14T17:21:00 UTC" duration-ms="34802">
      <class name="projectDemo.FullWebsiteTest">
        <test-method is-config="true" signature="setup()[pri:0, instance:projectDemo.FullWebsiteTest@6892b3b6]" started-at="2023-11-14T17:20:25 UTC" name="setup" finished-at="2023-11-14T17:20:27 UTC" duration-ms="2075" status="PASS">
          <reporter-output>
          </reporter-output>
        </test-method> <!-- setup -->
        <test-method signature="addToCartTest()[pri:0, instance:projectDemo.FullWebsiteTest@6892b3b6]" started-at="2023-11-14T17:20:27 UTC" name="addToCartTest" finished-at="2023-11-14T17:21:00 UTC" duration-ms="32723" status="PASS">
          <reporter-output>
          </reporter-output>
        </test-method> <!-- addToCartTest -->
      </class> <!-- projectDemo.FullWebsiteTest -->
    </test> <!-- Test -->
  </suite> <!-- Suite (3) -->
  <suite started-at="2023-11-14T17:20:21 UTC" name="Suite (2)" finished-at="2023-11-14T17:20:25 UTC" duration-ms="3647">
    <groups>
    </groups>
    <test started-at="2023-11-14T17:20:21 UTC" name="Test" finished-at="2023-11-14T17:20:25 UTC" duration-ms="3647">
      <class name="projectDemo.TestPropertyLogIn">
        <test-method signature="Main()[pri:0, instance:projectDemo.TestPropertyLogIn@26d9b808]" started-at="2023-11-14T17:20:21 UTC" name="Main" finished-at="2023-11-14T17:20:25 UTC" duration-ms="3638" status="PASS">
          <reporter-output>
          </reporter-output>
        </test-method> <!-- Main -->
      </class> <!-- projectDemo.TestPropertyLogIn -->
    </test> <!-- Test -->
  </suite> <!-- Suite (2) -->
</testng-results>
